warning: `if let` with `else` should be written as a `match` expression
  --> $DIR/main.rs:5:5
   |
LL | /     if let Some(x) = value { //~ ERROR `if let` with `else` should be written as a `match` expression
LL | |         format!("{x}")
LL | |     } else {
LL | |         String::from("none")
LL | |     }
   | |_____^
   |
   = help: use a `match` expression to make both arms equally visible
   = note: `#[warn(if_let_with_else)]` on by default

warning: `if let` with `else` should be written as a `match` expression
  --> $DIR/main.rs:14:5
   |
LL | /     if let Ok(x) = value { //~ ERROR `if let` with `else` should be written as a `match` expression
LL | |         x
LL | |     } else {
LL | |         -1
LL | |     }
   | |_____^
   |
   = help: use a `match` expression to make both arms equally visible

warning: 2 warnings emitted

