warning: `if let` with a diverging `else` can be rewritten as `let-else`
  --> $DIR/main.rs:8:13
   |
LL |       let x = if let Some(v) = value { //~ ERROR `if let` with a diverging `else` can be rewritten as `let-else`
   |  _____________^
LL | |         v
LL | |     } else {
LL | |         return None;
LL | |     };
   | |_____^
   |
   = help: use `let ... else { <diverge> };` instead
   = note: `#[warn(prefer_let_else)]` on by default

warning: `if let` with a diverging `else` can be rewritten as `let-else`
  --> $DIR/main.rs:21:9
   |
LL | /         if let Some(v) = item { //~ ERROR `if let` with a diverging `else` can be rewritten as `let-else`
LL | |             let _ = v;
LL | |         } else {
LL | |             continue;
LL | |         }
   | |_________^
   |
   = help: use `let ... else { <diverge> };` instead

warning: `if let` with a diverging `else` can be rewritten as `let-else`
  --> $DIR/main.rs:33:14
   |
LL |       let _x = if let Some(v) = value { //~ ERROR `if let` with a diverging `else` can be rewritten as `let-else`
   |  ______________^
LL | |         v
LL | |     } else {
LL | |         panic!("missing value");
LL | |     };
   | |_____^
   |
   = help: use `let ... else { <diverge> };` instead

warning: 3 warnings emitted

